*** Using Compiler 'V5.06 update 6 (build 750)', folder: 'D:\Program Files (x86)\Keil_v5.31\ARM\ARMCC\Bin'
Rebuild target 'LED'
assembling startup_stm32f407xx.s...
compiling system_stm32f4xx.c...
compiling stm32f4xx_it.c...
compiling stm32f4xx_hal.c...
compiling stm32f4xx_hal_pwr_ex.c...
compiling stm32f4xx_hal_cortex.c...
compiling stm32f4xx_hal_msp.c...
compiling stm32f4xx_hal_pwr.c...
compiling stm32f4xx_hal_rcc_ex.c...
compiling stm32f4xx_hal_gpio.c...
compiling main.c...
compiling stm32f4xx_hal_rcc.c...
compiling delay.c...
compiling sys.c...
compiling stm32f4xx_hal_uart.c...
compiling stm32f4xx_hal_dma.c...
compiling led.c...
compiling usart.c...
compiling stm32f4xx_hal_usart.c...
compiling stm32f4xx_hal_dma_ex.c...
linking...
Program Size: Code=3814 RO-data=442 RW-data=16 ZI-data=1896  
FromELF: creating hex file...
"..\OBJ\Template.axf" - 0 Error(s), 0 Warning(s).
Build Time Elapsed:  00:00:26
